<?xml version="1.0" encoding="UTF-8"?>
<testng-results skipped="0" failed="0" ignored="0" total="1" passed="1">
  <reporter-output>
  </reporter-output>
  <suite name="Suite1" duration-ms="13567" started-at="2018-05-10T16:07:47Z" finished-at="2018-05-10T16:08:01Z">
    <groups>
    </groups>
    <test name="webdriver" duration-ms="13567" started-at="2018-05-10T16:07:47Z" finished-at="2018-05-10T16:08:01Z">
      <class name="TestNG.addressbook">
        <test-method status="PASS" signature="launch()[pri:0, instance:TestNG.addressbook@6b71769e]" name="launch" is-config="true" duration-ms="6276" started-at="2018-05-10T16:07:47Z" finished-at="2018-05-10T16:07:54Z">
          <reporter-output>
          </reporter-output>
        </test-method> <!-- launch -->
        <test-method status="PASS" signature="verifylogin()[pri:0, instance:TestNG.addressbook@6b71769e]" name="verifylogin" duration-ms="6692" started-at="2018-05-10T16:07:54Z" finished-at="2018-05-10T16:08:00Z">
          <reporter-output>
          </reporter-output>
        </test-method> <!-- verifylogin -->
        <test-method status="PASS" signature="logout()[pri:0, instance:TestNG.addressbook@6b71769e]" name="logout" is-config="true" duration-ms="579" started-at="2018-05-10T16:08:00Z" finished-at="2018-05-10T16:08:01Z">
          <reporter-output>
          </reporter-output>
        </test-method> <!-- logout -->
      </class> <!-- TestNG.addressbook -->
    </test> <!-- webdriver -->
  </suite> <!-- Suite1 -->
</testng-results>
