<?xml version="1.0" encoding="UTF-8"?>
<testng-results skipped="0" failed="0" ignored="0" total="1" passed="1">
  <reporter-output>
  </reporter-output>
  <suite name="Webdriver Suite" duration-ms="40096" started-at="2018-06-01T02:33:40Z" finished-at="2018-06-01T02:34:20Z">
    <groups>
    </groups>
    <test name="webdriver test" duration-ms="40096" started-at="2018-06-01T02:33:40Z" finished-at="2018-06-01T02:34:20Z">
      <class name="TestNG.addressbook">
        <test-method status="PASS" signature="launch()[pri:0, instance:TestNG.addressbook@482f8f11]" name="launch" is-config="true" duration-ms="29401" started-at="2018-06-01T02:33:40Z" finished-at="2018-06-01T02:34:09Z">
          <reporter-output>
          </reporter-output>
        </test-method> <!-- launch -->
        <test-method status="PASS" signature="verfiyaddbook()[pri:0, instance:TestNG.addressbook@482f8f11]" name="verfiyaddbook" duration-ms="10604" started-at="2018-06-01T02:34:09Z" finished-at="2018-06-01T02:34:20Z">
          <reporter-output>
          </reporter-output>
        </test-method> <!-- verfiyaddbook -->
        <test-method status="PASS" signature="logout()[pri:0, instance:TestNG.addressbook@482f8f11]" name="logout" is-config="true" duration-ms="70" started-at="2018-06-01T02:34:20Z" finished-at="2018-06-01T02:34:20Z">
          <reporter-output>
          </reporter-output>
        </test-method> <!-- logout -->
      </class> <!-- TestNG.addressbook -->
    </test> <!-- webdriver test -->
  </suite> <!-- Webdriver Suite -->
</testng-results>
