<?xml version="1.0" encoding="UTF-8"?>
<testng-results skipped="0" failed="0" ignored="0" total="1" passed="1">
  <reporter-output>
  </reporter-output>
  <suite name="Suite1" duration-ms="17692" started-at="2018-05-10T16:06:52Z" finished-at="2018-05-10T16:07:09Z">
    <groups>
    </groups>
    <test name="webdriver" duration-ms="17692" started-at="2018-05-10T16:06:52Z" finished-at="2018-05-10T16:07:09Z">
      <class name="TestNG.addressbook">
        <test-method status="PASS" signature="launch()[pri:0, instance:TestNG.addressbook@57baeedf]" name="launch" is-config="true" duration-ms="10401" started-at="2018-05-10T16:06:52Z" finished-at="2018-05-10T16:07:02Z">
          <reporter-output>
          </reporter-output>
        </test-method> <!-- launch -->
        <test-method status="PASS" signature="verifylogin()[pri:0, instance:TestNG.addressbook@57baeedf]" name="verifylogin" duration-ms="6686" started-at="2018-05-10T16:07:02Z" finished-at="2018-05-10T16:07:09Z">
          <reporter-output>
          </reporter-output>
        </test-method> <!-- verifylogin -->
        <test-method status="PASS" signature="logout()[pri:0, instance:TestNG.addressbook@57baeedf]" name="logout" is-config="true" duration-ms="579" started-at="2018-05-10T16:07:09Z" finished-at="2018-05-10T16:07:09Z">
          <reporter-output>
          </reporter-output>
        </test-method> <!-- logout -->
      </class> <!-- TestNG.addressbook -->
    </test> <!-- webdriver -->
  </suite> <!-- Suite1 -->
</testng-results>
