<?xml version="1.0" encoding="UTF-8"?>
<testng-results skipped="0" failed="0" ignored="0" total="1" passed="1">
  <reporter-output>
  </reporter-output>
  <suite name="Default suite" duration-ms="36871" started-at="2018-05-10T16:28:38Z" finished-at="2018-05-10T16:29:15Z">
    <groups>
    </groups>
    <test name="Default test" duration-ms="36871" started-at="2018-05-10T16:28:38Z" finished-at="2018-05-10T16:29:15Z">
      <class name="TestNg.addressbook">
        <test-method status="PASS" signature="launch()[pri:0, instance:TestNg.addressbook@42e26948]" name="launch" is-config="true" duration-ms="29545" started-at="2018-05-10T16:28:38Z" finished-at="2018-05-10T16:29:08Z">
          <reporter-output>
          </reporter-output>
        </test-method> <!-- launch -->
        <test-method status="PASS" signature="verifylogin()[pri:0, instance:TestNg.addressbook@42e26948]" name="verifylogin" duration-ms="6724" started-at="2018-05-10T16:29:08Z" finished-at="2018-05-10T16:29:15Z">
          <reporter-output>
          </reporter-output>
        </test-method> <!-- verifylogin -->
        <test-method status="PASS" signature="logout()[pri:0, instance:TestNg.addressbook@42e26948]" name="logout" is-config="true" duration-ms="582" started-at="2018-05-10T16:29:15Z" finished-at="2018-05-10T16:29:15Z">
          <reporter-output>
          </reporter-output>
        </test-method> <!-- logout -->
      </class> <!-- TestNg.addressbook -->
    </test> <!-- Default test -->
  </suite> <!-- Default suite -->
</testng-results>
