<?xml version="1.0" encoding="UTF-8"?>
<testng-results skipped="0" failed="0" ignored="0" total="1" passed="1">
  <reporter-output>
  </reporter-output>
  <suite name="Suite1" duration-ms="11254" started-at="2018-06-30T01:52:05Z" finished-at="2018-06-30T01:52:16Z">
    <groups>
    </groups>
    <test name="WebDriver" duration-ms="11254" started-at="2018-06-30T01:52:05Z" finished-at="2018-06-30T01:52:16Z">
      <class name="TestNG.addressbook">
        <test-method status="PASS" signature="launch()[pri:0, instance:TestNG.addressbook@4678c730]" name="launch" is-config="true" duration-ms="6837" started-at="2018-06-30T01:52:05Z" finished-at="2018-06-30T01:52:12Z">
          <reporter-output>
          </reporter-output>
        </test-method> <!-- launch -->
        <test-method status="PASS" signature="verfiylogin()[pri:0, instance:TestNG.addressbook@4678c730]" name="verfiylogin" duration-ms="2325" started-at="2018-06-30T01:52:12Z" finished-at="2018-06-30T01:52:14Z">
          <reporter-output>
          </reporter-output>
        </test-method> <!-- verfiylogin -->
        <test-method status="PASS" signature="logout()[pri:0, instance:TestNG.addressbook@4678c730]" name="logout" is-config="true" duration-ms="2069" started-at="2018-06-30T01:52:14Z" finished-at="2018-06-30T01:52:16Z">
          <reporter-output>
          </reporter-output>
        </test-method> <!-- logout -->
      </class> <!-- TestNG.addressbook -->
    </test> <!-- WebDriver -->
  </suite> <!-- Suite1 -->
</testng-results>
